0 - Mon Dec 18 14:47:50 2023 - Data csv file created.
1 - Mon Dec 18 14:47:50 2023 - Test server is started.
2 - Mon Dec 18 14:47:54 2023 - Incoming client connection.
3 - Mon Dec 18 14:47:54 2023 - Incoming client connection.
4 - Mon Dec 18 14:47:54 2023 - Data csv file inserted.
5 - Mon Dec 18 14:47:54 2023 - Incoming client connection.
6 - Mon Dec 18 14:47:54 2023 - Incoming client connection.
7 - Mon Dec 18 14:47:54 2023 - Data csv file inserted.
8 - Mon Dec 18 14:47:54 2023 - Data csv file inserted.
9 - Mon Dec 18 14:47:54 2023 - Data csv file inserted.
10 - Mon Dec 18 14:47:54 2023 - Incoming client connection.
11 - Mon Dec 18 14:47:54 2023 - Data csv file inserted.
12 - Mon Dec 18 14:47:55 2023 - Data csv file inserted.
13 - Mon Dec 18 14:47:56 2023 - Data csv file inserted.
14 - Mon Dec 18 14:47:56 2023 - Data csv file inserted.
15 - Mon Dec 18 14:47:57 2023 - Data csv file inserted.
16 - Mon Dec 18 14:47:57 2023 - Data csv file inserted.
17 - Mon Dec 18 14:47:57 2023 - Data csv file inserted.
18 - Mon Dec 18 14:47:57 2023 - Data csv file inserted.
19 - Mon Dec 18 14:47:58 2023 - Data csv file inserted.
20 - Mon Dec 18 14:47:58 2023 - Data csv file inserted.
21 - Mon Dec 18 14:47:58 2023 - Temperature too hot in room 1.
22 - Mon Dec 18 14:47:59 2023 - Data csv file inserted.
23 - Mon Dec 18 14:47:59 2023 - Temperature too hot in room 1.
24 - Mon Dec 18 14:48:00 2023 - Data csv file inserted.
25 - Mon Dec 18 14:48:00 2023 - Data csv file inserted.
26 - Mon Dec 18 14:48:00 2023 - Data csv file inserted.
27 - Mon Dec 18 14:48:00 2023 - Data csv file inserted.
28 - Mon Dec 18 14:48:00 2023 - Temperature too hot in room 1.
29 - Mon Dec 18 14:48:00 2023 - Data csv file inserted.
30 - Mon Dec 18 14:48:01 2023 - Temperature too hot in room 1.
31 - Mon Dec 18 14:48:01 2023 - Data csv file inserted.
32 - Mon Dec 18 14:48:02 2023 - Temperature too hot in room 3.
33 - Mon Dec 18 14:48:02 2023 - Data csv file inserted.
34 - Mon Dec 18 14:48:02 2023 - Data csv file inserted.
35 - Mon Dec 18 14:48:02 2023 - Temperature too hot in room 1.
36 - Mon Dec 18 14:48:03 2023 - Data csv file inserted.
37 - Mon Dec 18 14:48:03 2023 - Data csv file inserted.
38 - Mon Dec 18 14:48:03 2023 - Data csv file inserted.
39 - Mon Dec 18 14:48:03 2023 - Data csv file inserted.
40 - Mon Dec 18 14:48:03 2023 - Temperature too hot in room 1.
41 - Mon Dec 18 14:48:04 2023 - Temperature too hot in room 3.
42 - Mon Dec 18 14:48:04 2023 - Data csv file inserted.
43 - Mon Dec 18 14:48:04 2023 - Data csv file inserted.
44 - Mon Dec 18 14:48:04 2023 - Temperature too hot in room 1.
45 - Mon Dec 18 14:48:05 2023 - Peer has closed connection.
46 - Mon Dec 18 14:48:05 2023 - Peer has closed connection.
47 - Mon Dec 18 14:48:05 2023 - Peer has closed connection.
48 - Mon Dec 18 14:48:05 2023 - Peer has closed connection.
49 - Mon Dec 18 14:48:05 2023 - Peer has closed connection.
50 - Mon Dec 18 14:48:05 2023 - Test server is shutting down.
